<?xml version="1.0" encoding="UTF-8"?>
<!-- Generated by org.testng.reporters.JUnitReportReporter -->
<testsuite skipped="0" hostname="DESKTOP-FQ1JJKR" name="TrivianGames.TrivianGamesTask.TestTodoRequests" tests="18" failures="0" timestamp="2021-11-28T19:22:55 CET" time="7.832" errors="0">
  <testcase name="test_post_a_new_todo" time="0.222" classname="TrivianGames.TrivianGamesTask.TestTodoRequests"/>
  <system-out/>
  <testcase name="test_put_request_to_update" time="0.197" classname="TrivianGames.TrivianGamesTask.TestTodoRequests"/>
  <system-out/>
  <testcase name="test_get_request" time="0.211" classname="TrivianGames.TrivianGamesTask.TestTodoRequests"/>
  <system-out/>
  <testcase name="test_get_request_with_non_existent_key_in_query_parameters" time="0.300" classname="TrivianGames.TrivianGamesTask.TestTodoRequests"/>
  <system-out/>
  <testcase name="test_put_request_to_update" time="0.167" classname="TrivianGames.TrivianGamesTask.TestTodoRequests"/>
  <system-out/>
  <testcase name="test_get_request_with_query_parameters" time="0.243" classname="TrivianGames.TrivianGamesTask.TestTodoRequests"/>
  <system-out/>
  <testcase name="test_get_request_with_invalid_path_parameter" time="0.226" classname="TrivianGames.TrivianGamesTask.TestTodoRequests"/>
  <system-out/>
  <testcase name="test_post_a_new_todo" time="0.215" classname="TrivianGames.TrivianGamesTask.TestTodoRequests"/>
  <system-out/>
  <testcase name="test_post_a_new_todo" time="3.771" classname="TrivianGames.TrivianGamesTask.TestTodoRequests"/>
  <system-out/>
  <testcase name="test_post_a_new_todo" time="0.286" classname="TrivianGames.TrivianGamesTask.TestTodoRequests"/>
  <system-out/>
  <testcase name="test_get_request_with_query_parameters" time="0.296" classname="TrivianGames.TrivianGamesTask.TestTodoRequests"/>
  <system-out/>
  <testcase name="test_delete_non_existing_todo_endpoint" time="0.213" classname="TrivianGames.TrivianGamesTask.TestTodoRequests"/>
  <system-out/>
  <testcase name="test_put_request_for_invalid_id" time="0.297" classname="TrivianGames.TrivianGamesTask.TestTodoRequests"/>
  <system-out/>
  <testcase name="test_delete_non_existing_todo_endpoint" time="0.165" classname="TrivianGames.TrivianGamesTask.TestTodoRequests"/>
  <system-out/>
  <testcase name="test_post_a_new_todo" time="0.262" classname="TrivianGames.TrivianGamesTask.TestTodoRequests"/>
  <system-out/>
  <testcase name="test_get_request_with_path_parameter" time="0.192" classname="TrivianGames.TrivianGamesTask.TestTodoRequests"/>
  <system-out/>
  <testcase name="test_post_a_new_todo" time="0.282" classname="TrivianGames.TrivianGamesTask.TestTodoRequests"/>
  <system-out/>
  <testcase name="test_put_request_to_update" time="0.287" classname="TrivianGames.TrivianGamesTask.TestTodoRequests"/>
  <system-out/>
</testsuite> <!-- TrivianGames.TrivianGamesTask.TestTodoRequests -->
