<?xml version="1.0" encoding="UTF-8"?>
<!-- Generated by org.testng.reporters.JUnitReportReporter -->
<testsuite skipped="0" hostname="DESKTOP-FQ1JJKR" name="TrivianGames.TrivianGamesTask.TestInvalidTodoSchemaItems" tests="8" failures="0" timestamp="2021-11-28T19:23:24 CET" time="7.469" errors="0">
  <testcase name="test_invalid_schema_values" time="0.533" classname="TrivianGames.TrivianGamesTask.TestInvalidTodoSchemaItems"/>
  <system-out/>
  <testcase name="test_invalid_schema_values" time="0.589" classname="TrivianGames.TrivianGamesTask.TestInvalidTodoSchemaItems"/>
  <system-out/>
  <testcase name="test_invalid_schema_values" time="0.644" classname="TrivianGames.TrivianGamesTask.TestInvalidTodoSchemaItems"/>
  <system-out/>
  <testcase name="test_invalid_schema_values" time="0.586" classname="TrivianGames.TrivianGamesTask.TestInvalidTodoSchemaItems"/>
  <system-out/>
  <testcase name="test_invalid_schema_values" time="0.750" classname="TrivianGames.TrivianGamesTask.TestInvalidTodoSchemaItems"/>
  <system-out/>
  <testcase name="test_invalid_schema_values" time="3.146" classname="TrivianGames.TrivianGamesTask.TestInvalidTodoSchemaItems"/>
  <system-out/>
  <testcase name="test_invalid_schema_values" time="0.680" classname="TrivianGames.TrivianGamesTask.TestInvalidTodoSchemaItems"/>
  <system-out/>
  <testcase name="test_invalid_schema_values" time="0.541" classname="TrivianGames.TrivianGamesTask.TestInvalidTodoSchemaItems"/>
  <system-out/>
</testsuite> <!-- TrivianGames.TrivianGamesTask.TestInvalidTodoSchemaItems -->
