<?xml version="1.0" encoding="UTF-8"?>
<!-- Generated by org.testng.reporters.JUnitReportReporter -->
<testsuite skipped="0" hostname="DESKTOP-FQ1JJKR" name="TravianGames.TravianGamesTask.TestInvalidTodoSchemaItems" tests="8" failures="0" timestamp="2021-11-28T19:29:35 CET" time="20.577" errors="0">
  <testcase name="test_invalid_schema_values" time="0.532" classname="TravianGames.TravianGamesTask.TestInvalidTodoSchemaItems"/>
  <system-out/>
  <testcase name="test_invalid_schema_values" time="3.446" classname="TravianGames.TravianGamesTask.TestInvalidTodoSchemaItems"/>
  <system-out/>
  <testcase name="test_invalid_schema_values" time="3.569" classname="TravianGames.TravianGamesTask.TestInvalidTodoSchemaItems"/>
  <system-out/>
  <testcase name="test_invalid_schema_values" time="4.864" classname="TravianGames.TravianGamesTask.TestInvalidTodoSchemaItems"/>
  <system-out/>
  <testcase name="test_invalid_schema_values" time="3.550" classname="TravianGames.TravianGamesTask.TestInvalidTodoSchemaItems"/>
  <system-out/>
  <testcase name="test_invalid_schema_values" time="0.509" classname="TravianGames.TravianGamesTask.TestInvalidTodoSchemaItems"/>
  <system-out/>
  <testcase name="test_invalid_schema_values" time="3.559" classname="TravianGames.TravianGamesTask.TestInvalidTodoSchemaItems"/>
  <system-out/>
  <testcase name="test_invalid_schema_values" time="0.548" classname="TravianGames.TravianGamesTask.TestInvalidTodoSchemaItems"/>
  <system-out/>
</testsuite> <!-- TravianGames.TravianGamesTask.TestInvalidTodoSchemaItems -->
