<?xml version="1.0" encoding="UTF-8"?>
<!-- Generated by org.testng.reporters.JUnitReportReporter -->
<testsuite skipped="0" hostname="DESKTOP-FQ1JJKR" name="TravianGames.TravianGamesTask.TestTodoRequests" tests="18" failures="0" timestamp="2021-11-28T19:29:35 CET" time="6.978" errors="0">
  <testcase name="test_post_a_new_todo" time="0.208" classname="TravianGames.TravianGamesTask.TestTodoRequests"/>
  <system-out/>
  <testcase name="test_post_a_new_todo" time="3.507" classname="TravianGames.TravianGamesTask.TestTodoRequests"/>
  <system-out/>
  <testcase name="test_put_request_for_invalid_id" time="0.213" classname="TravianGames.TravianGamesTask.TestTodoRequests"/>
  <system-out/>
  <testcase name="test_post_a_new_todo" time="0.199" classname="TravianGames.TravianGamesTask.TestTodoRequests"/>
  <system-out/>
  <testcase name="test_get_request" time="0.204" classname="TravianGames.TravianGamesTask.TestTodoRequests"/>
  <system-out/>
  <testcase name="test_post_a_new_todo" time="0.201" classname="TravianGames.TravianGamesTask.TestTodoRequests"/>
  <system-out/>
  <testcase name="test_post_a_new_todo" time="0.205" classname="TravianGames.TravianGamesTask.TestTodoRequests"/>
  <system-out/>
  <testcase name="test_post_a_new_todo" time="0.191" classname="TravianGames.TravianGamesTask.TestTodoRequests"/>
  <system-out/>
  <testcase name="test_put_request_to_update" time="0.236" classname="TravianGames.TravianGamesTask.TestTodoRequests"/>
  <system-out/>
  <testcase name="test_delete_non_existing_todo_endpoint" time="0.217" classname="TravianGames.TravianGamesTask.TestTodoRequests"/>
  <system-out/>
  <testcase name="test_get_request_with_query_parameters" time="0.174" classname="TravianGames.TravianGamesTask.TestTodoRequests"/>
  <system-out/>
  <testcase name="test_get_request_with_path_parameter" time="0.157" classname="TravianGames.TravianGamesTask.TestTodoRequests"/>
  <system-out/>
  <testcase name="test_get_request_with_invalid_path_parameter" time="0.140" classname="TravianGames.TravianGamesTask.TestTodoRequests"/>
  <system-out/>
  <testcase name="test_put_request_to_update" time="0.251" classname="TravianGames.TravianGamesTask.TestTodoRequests"/>
  <system-out/>
  <testcase name="test_delete_non_existing_todo_endpoint" time="0.177" classname="TravianGames.TravianGamesTask.TestTodoRequests"/>
  <system-out/>
  <testcase name="test_get_request_with_non_existent_key_in_query_parameters" time="0.206" classname="TravianGames.TravianGamesTask.TestTodoRequests"/>
  <system-out/>
  <testcase name="test_get_request_with_query_parameters" time="0.253" classname="TravianGames.TravianGamesTask.TestTodoRequests"/>
  <system-out/>
  <testcase name="test_put_request_to_update" time="0.239" classname="TravianGames.TravianGamesTask.TestTodoRequests"/>
  <system-out/>
</testsuite> <!-- TravianGames.TravianGamesTask.TestTodoRequests -->
