<?xml version="1.0" encoding="UTF-8"?>
<!-- Generated by org.testng.reporters.JUnitReportReporter -->
<testsuite skipped="0" hostname="DESKTOP-FQ1JJKR" name="TrivianGames.TrivianGamesTask.TodoTest" tests="5" failures="0" timestamp="2021-11-27T19:55:22 CET" time="3.697" errors="0">
  <testcase name="test_get_WithId" time="1.911" classname="TrivianGames.TrivianGamesTask.TodoTest"/>
  <system-out/>
  <testcase name="test_get" time="0.999" classname="TrivianGames.TrivianGamesTask.TodoTest"/>
  <system-out/>
  <testcase name="test_post_request" time="0.233" classname="TrivianGames.TrivianGamesTask.TodoTest"/>
  <system-out/>
  <testcase name="puttest" time="0.315" classname="TrivianGames.TrivianGamesTask.TodoTest"/>
  <system-out/>
  <testcase name="deleteTest" time="0.239" classname="TrivianGames.TrivianGamesTask.TodoTest"/>
  <system-out/>
</testsuite> <!-- TrivianGames.TrivianGamesTask.TodoTest -->
